# JRE version: OpenJDK Runtime Environment Microsoft-10800295 (17.0.14+7) (build 17.0.14+7-LTS)
# Java VM: OpenJDK 64-Bit Server VM Microsoft-10800295 (17.0.14+7-LTS, mixed mode, sharing, tiered, compressed oops, compressed class ptrs, g1 gc, windows-amd64)
GC Precious Log:
 CPUs: 8 total, 8 available
 Memory: 7969M
 Large Page Support: Disabled
 NUMA Support: Disabled
 Compressed Oops: Enabled (32-bit)
 Heap Region Size: 1M
 Heap Min Capacity: 8M
 Heap Initial Capacity: 126M
 Heap Max Capacity: 2G
 Pre-touch: Disabled
 Parallel Workers: 8
 Concurrent Workers: 2
 Concurrent Refinement Workers: 8
 Periodic GC: Disabled
Heap:
 garbage-first heap   total 324608K, used 246187K [0x0000000080000000, 0x0000000100000000)
  region size 1024K, 36 young (36864K), 7 survivors (7168K)
 Metaspace       used 136155K, committed 137472K, reserved 557056K
  class space    used 18651K, committed 19264K, reserved 425984K
GC Heap History (20 events):
Event: 56.457 GC heap before
{Heap before GC invocations=61 (full 0):
 garbage-first heap   total 324608K, used 264504K [0x0000000080000000, 0x0000000100000000)
  region size 1024K, 86 young (88064K), 11 survivors (11264K)
 Metaspace       used 115281K, committed 116544K, reserved 557056K
  class space    used 15802K, committed 16384K, reserved 425984K
}
Event: 56.483 GC heap after
{Heap after GC invocations=62 (full 0):
 garbage-first heap   total 324608K, used 194018K [0x0000000080000000, 0x0000000100000000)
  region size 1024K, 11 young (11264K), 11 survivors (11264K)
 Metaspace       used 115281K, committed 116544K, reserved 557056K
  class space    used 15802K, committed 16384K, reserved 425984K
}
Event: 56.530 GC heap before
{Heap before GC invocations=62 (full 0):
 garbage-first heap   total 324608K, used 197090K [0x0000000080000000, 0x0000000100000000)
  region size 1024K, 15 young (15360K), 11 survivors (11264K)
 Metaspace       used 115281K, committed 116544K, reserved 557056K
  class space    used 15802K, committed 16384K, reserved 425984K
}
Event: 56.546 GC heap after
{Heap after GC invocations=63 (full 0):
 garbage-first heap   total 324608K, used 193119K [0x0000000080000000, 0x0000000100000000)
  region size 1024K, 2 young (2048K), 2 survivors (2048K)
 Metaspace       used 115281K, committed 116544K, reserved 557056K
  class space    used 15802K, committed 16384K, reserved 425984K
}
Event: 57.638 GC heap before
{Heap before GC invocations=63 (full 0):
 garbage-first heap   total 324608K, used 267871K [0x0000000080000000, 0x0000000100000000)
  region size 1024K, 75 young (76800K), 2 survivors (2048K)
 Metaspace       used 115287K, committed 116544K, reserved 557056K
  class space    used 15802K, committed 16384K, reserved 425984K
}
Event: 57.645 GC heap after
{Heap after GC invocations=64 (full 0):
 garbage-first heap   total 324608K, used 196432K [0x0000000080000000, 0x0000000100000000)
  region size 1024K, 6 young (6144K), 6 survivors (6144K)
 Metaspace       used 115287K, committed 116544K, reserved 557056K
  class space    used 15802K, committed 16384K, reserved 425984K
}
Event: 58.686 GC heap before
{Heap before GC invocations=64 (full 0):
 garbage-first heap   total 324608K, used 268112K [0x0000000080000000, 0x0000000100000000)
  region size 1024K, 77 young (78848K), 6 survivors (6144K)
 Metaspace       used 115453K, committed 116672K, reserved 557056K
  class space    used 15815K, committed 16384K, reserved 425984K
}
Event: 58.697 GC heap after
{Heap after GC invocations=65 (full 0):
 garbage-first heap   total 324608K, used 199605K [0x0000000080000000, 0x0000000100000000)
  region size 1024K, 9 young (9216K), 9 survivors (9216K)
 Metaspace       used 115453K, committed 116672K, reserved 557056K
  class space    used 15815K, committed 16384K, reserved 425984K
}
Event: 59.600 GC heap before
{Heap before GC invocations=65 (full 0):
 garbage-first heap   total 324608K, used 270261K [0x0000000080000000, 0x0000000100000000)
  region size 1024K, 79 young (80896K), 9 survivors (9216K)
 Metaspace       used 115630K, committed 116800K, reserved 557056K
  class space    used 15828K, committed 16384K, reserved 425984K
}
Event: 59.610 GC heap after
{Heap after GC invocations=66 (full 0):
 garbage-first heap   total 324608K, used 202289K [0x0000000080000000, 0x0000000100000000)
  region size 1024K, 6 young (6144K), 6 survivors (6144K)
 Metaspace       used 115630K, committed 116800K, reserved 557056K
  class space    used 15828K, committed 16384K, reserved 425984K
}
Event: 62.421 GC heap before
{Heap before GC invocations=66 (full 0):
 garbage-first heap   total 324608K, used 271921K [0x0000000080000000, 0x0000000100000000)
  region size 1024K, 75 young (76800K), 6 survivors (6144K)
 Metaspace       used 118685K, committed 119872K, reserved 557056K
  class space    used 16208K, committed 16768K, reserved 425984K
}
Event: 62.433 GC heap after
{Heap after GC invocations=67 (full 0):
 garbage-first heap   total 324608K, used 206204K [0x0000000080000000, 0x0000000100000000)
  region size 1024K, 9 young (9216K), 9 survivors (9216K)
 Metaspace       used 118685K, committed 119872K, reserved 557056K
  class space    used 16208K, committed 16768K, reserved 425984K
}
Event: 63.402 GC heap before
{Heap before GC invocations=67 (full 0):
 garbage-first heap   total 324608K, used 272764K [0x0000000080000000, 0x0000000100000000)
  region size 1024K, 75 young (76800K), 9 survivors (9216K)
 Metaspace       used 119328K, committed 120576K, reserved 557056K
  class space    used 16306K, committed 16896K, reserved 425984K
}
Event: 63.418 GC heap after
{Heap after GC invocations=68 (full 0):
 garbage-first heap   total 324608K, used 208842K [0x0000000080000000, 0x0000000100000000)
  region size 1024K, 5 young (5120K), 5 survivors (5120K)
 Metaspace       used 119328K, committed 120576K, reserved 557056K
  class space    used 16306K, committed 16896K, reserved 425984K
}
Event: 65.773 GC heap before
{Heap before GC invocations=68 (full 0):
 garbage-first heap   total 324608K, used 275402K [0x0000000080000000, 0x0000000100000000)
  region size 1024K, 71 young (72704K), 5 survivors (5120K)
 Metaspace       used 122366K, committed 123648K, reserved 557056K
  class space    used 16698K, committed 17280K, reserved 425984K
}
Event: 65.784 GC heap after
{Heap after GC invocations=69 (full 0):
 garbage-first heap   total 324608K, used 210629K [0x0000000080000000, 0x0000000100000000)
  region size 1024K, 7 young (7168K), 7 survivors (7168K)
 Metaspace       used 122366K, committed 123648K, reserved 557056K
  class space    used 16698K, committed 17280K, reserved 425984K
}
Event: 70.518 GC heap before
{Heap before GC invocations=69 (full 0):
 garbage-first heap   total 324608K, used 276165K [0x0000000080000000, 0x0000000100000000)
  region size 1024K, 72 young (73728K), 7 survivors (7168K)
 Metaspace       used 128810K, committed 130112K, reserved 557056K
  class space    used 17653K, committed 18240K, reserved 425984K
}
Event: 70.543 GC heap after
{Heap after GC invocations=70 (full 0):
 garbage-first heap   total 324608K, used 214900K [0x0000000080000000, 0x0000000100000000)
  region size 1024K, 9 young (9216K), 9 survivors (9216K)
 Metaspace       used 128810K, committed 130112K, reserved 557056K
  class space    used 17653K, committed 18240K, reserved 425984K
}
Event: 74.023 GC heap before
{Heap before GC invocations=70 (full 0):
 garbage-first heap   total 324608K, used 276340K [0x0000000080000000, 0x0000000100000000)
  region size 1024K, 70 young (71680K), 9 survivors (9216K)
 Metaspace       used 134954K, committed 136320K, reserved 557056K
  class space    used 18585K, committed 19200K, reserved 425984K
}
Event: 74.037 GC heap after
{Heap after GC invocations=71 (full 0):
 garbage-first heap   total 324608K, used 217515K [0x0000000080000000, 0x0000000100000000)
  region size 1024K, 7 young (7168K), 7 survivors (7168K)
 Metaspace       used 134954K, committed 136320K, reserved 557056K
  class space    used 18585K, committed 19200K, reserved 425984K
}

